This file contains any messages produced by compilers while
running configure, to aid debugging if configure makes a mistake.

It was created by configure, which was
generated by GNU Autoconf 2.59.  Invocation command line was

  $ ./configure 

## --------- ##
## Platform. ##
## --------- ##

hostname = migale
uname -m = x86_64
uname -r = 2.6.18-194.26.1.el5
uname -s = Linux
uname -v = #1 SMP Fri Oct 29 14:21:16 EDT 2010

/usr/bin/uname -p = unknown
/bin/uname -X     = unknown

/bin/arch              = x86_64
/usr/bin/arch -k       = unknown
/usr/convex/getsysinfo = unknown
hostinfo               = unknown
/bin/machine           = unknown
/usr/bin/oslevel       = unknown
/bin/universe          = unknown

PATH: /opt/sge/bin/lx24-amd64
PATH: /usr/local/public/src/apache-ant-1.8.2/bin
PATH: /usr/local/genome/Corona_Lite_Plus_4.2.2/bin
PATH: .
PATH: /home/mig/pnicolas/usr/bin/
PATH: /usr/lib64/qt-3.3/bin
PATH: /usr/kerberos/bin
PATH: /usr/local/bin
PATH: /bin
PATH: /usr/bin
PATH: /usr/local/genome/staden-2.0.0b7/bin
PATH: /usr/local/genome/bin
PATH: /usr/local/public/jdk1.6.0_21/bin
PATH: /usr/local/public/bin
PATH: /usr/local/public/lam/bin
PATH: /usr/local/adm/bin
PATH: /usr/local/adm/script
PATH: /usr/local/genome/emboss/bin
PATH: /usr/local/genome/phylip/bin
PATH: /usr/local/genome/mgadist
PATH: /usr/local/genome/MUMmer
PATH: /usr/local/genome/TMHMM/bin
PATH: /usr/local/genome/hmmer/bin
PATH: /usr/local/genome/fasta
PATH: /usr/local/genome/autodock/bin
PATH: /usr/local/genome/mcl-10-201/bin
PATH: /usr/local/genome/WoLFPSORT_package_v0.2/bin
PATH: /usr/local/genome/censor-4.2.22/bin
PATH: /usr/local/genome/amos/bin
PATH: /usr/local/genome/phusion-2.1/bin
PATH: /usr/local/genome/Arachne
PATH: /usr/local/genome/wgs/Linux-amd64/bin
PATH: /usr/local/genome/esprit
PATH: /usr/local/genome/mira/bin
PATH: /usr/local/genome/gmorse/bin
PATH: /usr/local/genome/newbler/bin
PATH: /usr/local/genome/mgltools-1.5.4/bin
PATH: /usr/local/genome/xplor-nih-2.26
PATH: /usr/local/genome/amos-hawkeyes/bin
PATH: /usr/local/genome/iCORN-v0.97
PATH: /usr/local/genome/viennaRNA-1.8.4/bin
PATH: /usr/local/genome/src/fasta-36.2.7/bin
PATH: /usr/local/genome/meme/bin
PATH: /usr/local/genome/gth/bin
PATH: /usr/local/genome/consed/scripts
PATH: /usr/local/genome/src/consel/bin
PATH: /usr/local/genome/phylobayes-3.2/bin
PATH: /usr/local/genome/script
PATH: /usr/local/public/modeller6v2/bin


## ----------- ##
## Core tests. ##
## ----------- ##

configure:1304: checking for a BSD-compatible install
configure:1359: result: /usr/bin/install -c
configure:1370: checking whether build environment is sane
configure:1413: result: yes
configure:1428: checking whether make sets $(MAKE)
configure:1448: result: yes
configure:1480: checking for working aclocal-1.4
configure:1487: result: found
configure:1495: checking for working autoconf
configure:1502: result: found
configure:1510: checking for working automake-1.4
configure:1517: result: found
configure:1525: checking for working autoheader
configure:1532: result: found
configure:1540: checking for working makeinfo
configure:1547: result: found
configure:1566: checking for gawk
configure:1582: found /bin/gawk
configure:1592: result: gawk
configure:1648: checking for gcc
configure:1664: found /usr/bin/gcc
configure:1674: result: gcc
configure:1918: checking for C compiler version
configure:1921: gcc --version </dev/null >&5
gcc (GCC) 4.1.2 20080704 (Red Hat 4.1.2-48)
Copyright (C) 2006 Free Software Foundation, Inc.
This is free software; see the source for copying conditions.  There is NO
warranty; not even for MERCHANTABILITY or FITNESS FOR A PARTICULAR PURPOSE.

configure:1924: $? = 0
configure:1926: gcc -v </dev/null >&5
Using built-in specs.
Target: x86_64-redhat-linux
Configured with: ../configure --prefix=/usr --mandir=/usr/share/man --infodir=/usr/share/info --enable-shared --enable-threads=posix --enable-checking=release --with-system-zlib --enable-__cxa_atexit --disable-libunwind-exceptions --enable-libgcj-multifile --enable-languages=c,c++,objc,obj-c++,java,fortran,ada --enable-java-awt=gtk --disable-dssi --enable-plugin --with-java-home=/usr/lib/jvm/java-1.4.2-gcj-1.4.2.0/jre --with-cpu=generic --host=x86_64-redhat-linux
Thread model: posix
gcc version 4.1.2 20080704 (Red Hat 4.1.2-48)
configure:1929: $? = 0
configure:1931: gcc -V </dev/null >&5
gcc: '-V' option must have argument
configure:1934: $? = 1
configure:1957: checking for C compiler default output file name
configure:1960: gcc    conftest.c  >&5
configure:1963: $? = 0
configure:2009: result: a.out
configure:2014: checking whether the C compiler works
configure:2020: ./a.out
configure:2023: $? = 0
configure:2040: result: yes
configure:2047: checking whether we are cross compiling
configure:2049: result: no
configure:2052: checking for suffix of executables
configure:2054: gcc -o conftest    conftest.c  >&5
configure:2057: $? = 0
configure:2082: result: 
configure:2088: checking for suffix of object files
configure:2109: gcc -c   conftest.c >&5
configure:2112: $? = 0
configure:2134: result: o
configure:2138: checking whether we are using the GNU C compiler
configure:2162: gcc -c   conftest.c >&5
configure:2168: $? = 0
configure:2172: test -z 
			 || test ! -s conftest.err
configure:2175: $? = 0
configure:2178: test -s conftest.o
configure:2181: $? = 0
configure:2194: result: yes
configure:2200: checking whether gcc accepts -g
configure:2221: gcc -c -g  conftest.c >&5
configure:2227: $? = 0
configure:2231: test -z 
			 || test ! -s conftest.err
configure:2234: $? = 0
configure:2237: test -s conftest.o
configure:2240: $? = 0
configure:2251: result: yes
configure:2268: checking for gcc option to accept ANSI C
configure:2338: gcc  -c -g -O2  conftest.c >&5
configure:2344: $? = 0
configure:2348: test -z 
			 || test ! -s conftest.err
configure:2351: $? = 0
configure:2354: test -s conftest.o
configure:2357: $? = 0
configure:2375: result: none needed
configure:2393: gcc -c -g -O2  conftest.c >&5
conftest.c:2: error: expected '=', ',', ';', 'asm' or '__attribute__' before 'me'
configure:2399: $? = 1
configure: failed program was:
| #ifndef __cplusplus
|   choke me
| #endif
configure:2545: checking for a BSD-compatible install
configure:2600: result: /usr/bin/install -c
configure:2611: checking whether ln -s works
configure:2615: result: yes
configure:2674: checking for g++
configure:2690: found /usr/bin/g++
configure:2700: result: g++
configure:2716: checking for C++ compiler version
configure:2719: g++ --version </dev/null >&5
g++ (GCC) 4.1.2 20080704 (Red Hat 4.1.2-48)
Copyright (C) 2006 Free Software Foundation, Inc.
This is free software; see the source for copying conditions.  There is NO
warranty; not even for MERCHANTABILITY or FITNESS FOR A PARTICULAR PURPOSE.

configure:2722: $? = 0
configure:2724: g++ -v </dev/null >&5
Using built-in specs.
Target: x86_64-redhat-linux
Configured with: ../configure --prefix=/usr --mandir=/usr/share/man --infodir=/usr/share/info --enable-shared --enable-threads=posix --enable-checking=release --with-system-zlib --enable-__cxa_atexit --disable-libunwind-exceptions --enable-libgcj-multifile --enable-languages=c,c++,objc,obj-c++,java,fortran,ada --enable-java-awt=gtk --disable-dssi --enable-plugin --with-java-home=/usr/lib/jvm/java-1.4.2-gcj-1.4.2.0/jre --with-cpu=generic --host=x86_64-redhat-linux
Thread model: posix
gcc version 4.1.2 20080704 (Red Hat 4.1.2-48)
configure:2727: $? = 0
configure:2729: g++ -V </dev/null >&5
g++: '-V' option must have argument
configure:2732: $? = 1
configure:2735: checking whether we are using the GNU C++ compiler
configure:2759: g++ -c   conftest.cc >&5
configure:2765: $? = 0
configure:2769: test -z 
			 || test ! -s conftest.err
configure:2772: $? = 0
configure:2775: test -s conftest.o
configure:2778: $? = 0
configure:2791: result: yes
configure:2797: checking whether g++ accepts -g
configure:2818: g++ -c -g  conftest.cc >&5
configure:2824: $? = 0
configure:2828: test -z 
			 || test ! -s conftest.err
configure:2831: $? = 0
configure:2834: test -s conftest.o
configure:2837: $? = 0
configure:2848: result: yes
configure:2890: g++ -c -g -O2  conftest.cc >&5
configure:2896: $? = 0
configure:2900: test -z 
			 || test ! -s conftest.err
configure:2903: $? = 0
configure:2906: test -s conftest.o
configure:2909: $? = 0
configure:2935: g++ -c -g -O2  conftest.cc >&5
conftest.cc: In function 'int main()':
conftest.cc:15: error: 'exit' was not declared in this scope
configure:2941: $? = 1
configure: failed program was:
| /* confdefs.h.  */
| 
| #define PACKAGE_NAME ""
| #define PACKAGE_TARNAME ""
| #define PACKAGE_VERSION ""
| #define PACKAGE_STRING ""
| #define PACKAGE_BUGREPORT ""
| #define PACKAGE "show"
| #define VERSION "20061029"
| /* end confdefs.h.  */
| 
| int
| main ()
| {
| exit (42);
|   ;
|   return 0;
| }
configure:2890: g++ -c -g -O2  conftest.cc >&5
configure:2896: $? = 0
configure:2900: test -z 
			 || test ! -s conftest.err
configure:2903: $? = 0
configure:2906: test -s conftest.o
configure:2909: $? = 0
configure:2935: g++ -c -g -O2  conftest.cc >&5
configure:2941: $? = 0
configure:2945: test -z 
			 || test ! -s conftest.err
configure:2948: $? = 0
configure:2951: test -s conftest.o
configure:2954: $? = 0
configure:2980: checking for perl
configure:2998: found /usr/local/bin/perl
configure:3010: result: /usr/local/bin/perl
configure:3020: checking for gsl-config
configure:3038: found /usr/bin/gsl-config
configure:3050: result: /usr/bin/gsl-config
configure:3060: checking for cp
configure:3078: found /bin/cp
configure:3090: result: /bin/cp
configure:3100: checking for mkdir
configure:3118: found /bin/mkdir
configure:3130: result: /bin/mkdir
configure:3141: checking for main in -lm
configure:3165: gcc -o conftest -g -O2   conftest.c -lm   >&5
configure:3171: $? = 0
configure:3175: test -z 
			 || test ! -s conftest.err
configure:3178: $? = 0
configure:3181: test -s conftest
configure:3184: $? = 0
configure:3197: result: yes
configure:3214: checking how to run the C preprocessor
configure:3249: gcc -E  conftest.c
configure:3255: $? = 0
configure:3287: gcc -E  conftest.c
conftest.c:15:28: error: ac_nonexistent.h: No such file or directory
configure:3293: $? = 1
configure: failed program was:
| /* confdefs.h.  */
| 
| #define PACKAGE_NAME ""
| #define PACKAGE_TARNAME ""
| #define PACKAGE_VERSION ""
| #define PACKAGE_STRING ""
| #define PACKAGE_BUGREPORT ""
| #define PACKAGE "show"
| #define VERSION "20061029"
| #ifdef __cplusplus
| extern "C" void std::exit (int) throw (); using std::exit;
| #endif
| #define HAVE_LIBM 1
| /* end confdefs.h.  */
| #include <ac_nonexistent.h>
configure:3332: result: gcc -E
configure:3356: gcc -E  conftest.c
configure:3362: $? = 0
configure:3394: gcc -E  conftest.c
conftest.c:15:28: error: ac_nonexistent.h: No such file or directory
configure:3400: $? = 1
configure: failed program was:
| /* confdefs.h.  */
| 
| #define PACKAGE_NAME ""
| #define PACKAGE_TARNAME ""
| #define PACKAGE_VERSION ""
| #define PACKAGE_STRING ""
| #define PACKAGE_BUGREPORT ""
| #define PACKAGE "show"
| #define VERSION "20061029"
| #ifdef __cplusplus
| extern "C" void std::exit (int) throw (); using std::exit;
| #endif
| #define HAVE_LIBM 1
| /* end confdefs.h.  */
| #include <ac_nonexistent.h>
configure:3444: checking for egrep
configure:3454: result: grep -E
configure:3459: checking for ANSI C header files
configure:3484: gcc -c -g -O2  conftest.c >&5
configure:3490: $? = 0
configure:3494: test -z 
			 || test ! -s conftest.err
configure:3497: $? = 0
configure:3500: test -s conftest.o
configure:3503: $? = 0
configure:3592: gcc -o conftest -g -O2   conftest.c -lm  >&5
conftest.c: In function 'main':
conftest.c:32: warning: incompatible implicit declaration of built-in function 'exit'
configure:3595: $? = 0
configure:3597: ./conftest
configure:3600: $? = 0
configure:3615: result: yes
configure:3626: checking for an ANSI C-conforming const
configure:3693: gcc -c -g -O2  conftest.c >&5
configure:3699: $? = 0
configure:3703: test -z 
			 || test ! -s conftest.err
configure:3706: $? = 0
configure:3709: test -s conftest.o
configure:3712: $? = 0
configure:3723: result: yes
configure:3733: checking for inline
configure:3754: gcc -c -g -O2  conftest.c >&5
configure:3760: $? = 0
configure:3764: test -z 
			 || test ! -s conftest.err
configure:3767: $? = 0
configure:3770: test -s conftest.o
configure:3773: $? = 0
configure:3785: result: inline
configure:3905: creating ./config.status

## ---------------------- ##
## Running config.status. ##
## ---------------------- ##

This file was extended by config.status, which was
generated by GNU Autoconf 2.59.  Invocation command line was

  CONFIG_FILES    = 
  CONFIG_HEADERS  = 
  CONFIG_LINKS    = 
  CONFIG_COMMANDS = 
  $ ./config.status 

on migale

config.status:689: creating Makefile
config.status:689: creating src/Makefile
config.status:689: creating scripts/Makefile
config.status:689: creating scripts/add_rbs_ovlp.pl
config.status:689: creating scripts/add_state_to_intergenic.pl
config.status:689: creating scripts/bactgeneSHOW
config.status:689: creating scripts/create_annot_file.pl
config.status:689: creating scripts/invcomp.pl
config.status:689: creating scripts/rbs_model.pm
config.status:689: creating scripts/overlaps_model.pm
config.status:689: creating data/Makefile
config.status:793: creating src/config.h
config.status:883: src/config.h is unchanged
config.status:1041: executing default-1 commands

## ---------------- ##
## Cache variables. ##
## ---------------- ##

ac_cv_c_compiler_gnu=yes
ac_cv_c_const=yes
ac_cv_c_inline=inline
ac_cv_cxx_compiler_gnu=yes
ac_cv_env_CC_set=
ac_cv_env_CC_value=
ac_cv_env_CFLAGS_set=
ac_cv_env_CFLAGS_value=
ac_cv_env_CPPFLAGS_set=
ac_cv_env_CPPFLAGS_value=
ac_cv_env_CPP_set=
ac_cv_env_CPP_value=
ac_cv_env_CXXFLAGS_set=
ac_cv_env_CXXFLAGS_value=
ac_cv_env_CXX_set=
ac_cv_env_CXX_value=
ac_cv_env_LDFLAGS_set=
ac_cv_env_LDFLAGS_value=
ac_cv_env_build_alias_set=
ac_cv_env_build_alias_value=
ac_cv_env_host_alias_set=
ac_cv_env_host_alias_value=
ac_cv_env_target_alias_set=
ac_cv_env_target_alias_value=
ac_cv_exeext=
ac_cv_header_stdc=yes
ac_cv_lib_m_main=yes
ac_cv_objext=o
ac_cv_path_CP=/bin/cp
ac_cv_path_GSLCONFIG=/usr/bin/gsl-config
ac_cv_path_MKDIR=/bin/mkdir
ac_cv_path_PERL=/usr/local/bin/perl
ac_cv_path_install='/usr/bin/install -c'
ac_cv_prog_AWK=gawk
ac_cv_prog_CPP='gcc -E'
ac_cv_prog_ac_ct_CC=gcc
ac_cv_prog_ac_ct_CXX=g++
ac_cv_prog_cc_g=yes
ac_cv_prog_cc_stdc=
ac_cv_prog_cxx_g=yes
ac_cv_prog_egrep='grep -E'
ac_cv_prog_make_make_set=yes

## ----------------- ##
## Output variables. ##
## ----------------- ##

ACLOCAL='aclocal-1.4'
AUTOCONF='autoconf'
AUTOHEADER='autoheader'
AUTOMAKE='automake-1.4'
AWK='gawk'
CC='gcc'
CFLAGS='-g -O2'
CP='/bin/cp'
CPP='gcc -E'
CPPFLAGS=''
CXX='g++'
CXXFLAGS='-g -O2'
DEFS='-DHAVE_CONFIG_H'
ECHO_C=''
ECHO_N='-n'
ECHO_T=''
EGREP='grep -E'
EXEEXT=''
GSLCONFIG='/usr/bin/gsl-config'
INSTALL_DATA='${INSTALL} -m 644'
INSTALL_PROGRAM='${INSTALL}'
INSTALL_SCRIPT='${INSTALL}'
LDFLAGS=''
LIBOBJS=''
LIBS='-lm '
LN_S='ln -s'
LTLIBOBJS=''
MAKEINFO='makeinfo'
MKDIR='/bin/mkdir'
MODULEDIR='NONE/libexec'
OBJEXT='o'
PACKAGE='show'
PACKAGE_BUGREPORT=''
PACKAGE_NAME=''
PACKAGE_STRING=''
PACKAGE_TARNAME=''
PACKAGE_VERSION=''
PATH_SEPARATOR=':'
PERL='/usr/local/bin/perl'
SET_MAKE=''
SHELL='/bin/sh'
VERSION='20061029'
ac_ct_CC='gcc'
ac_ct_CXX='g++'
bindir='${exec_prefix}/bin'
build_alias=''
datadir='${prefix}/share'
exec_prefix='${prefix}'
host_alias=''
includedir='${prefix}/include'
infodir='${prefix}/info'
libdir='${exec_prefix}/lib'
libexecdir='${exec_prefix}/libexec'
localstatedir='${prefix}/var'
mandir='${prefix}/man'
oldincludedir='/usr/include'
prefix='/usr/local'
program_transform_name='s,x,x,'
sbindir='${exec_prefix}/sbin'
sharedstatedir='${prefix}/com'
sysconfdir='${prefix}/etc'
target_alias=''

## ----------- ##
## confdefs.h. ##
## ----------- ##

#define HAVE_LIBM 1
#define PACKAGE "show"
#define PACKAGE_BUGREPORT ""
#define PACKAGE_NAME ""
#define PACKAGE_STRING ""
#define PACKAGE_TARNAME ""
#define PACKAGE_VERSION ""
#define STDC_HEADERS 1
#define VERSION "20061029"
#endif
#ifdef __cplusplus
extern "C" void std::exit (int) throw (); using std::exit;

configure: exit 0
